Traceback (most recent call last):
  File "downloader/everythingLookup.py", line 209, in <module>
    
  File "downloader/everythingLookup.py", line 204, in main
    client = SpinPapiClient(str.encode(credentials['spinpapi_userid']),str.encode(credentials['spinpapi_secret']),station='kups')
  File "downloader/everythingLookup.py", line 131, in lookupAll
    lookupGenre(conf,fields)
  File "downloader/everythingLookup.py", line 146, in lookupGenre
    con.printRes(processInfo(x),fields)
  File "downloader/everythingLookup.py", line 109, in processInfo
    argenres = con.getGenreDB( list(set([x for artist in artists for x,_ in artist.genres.items() ])), apihandle,'artist_',True)
  File "packages/database.py", line 337, in getGenreDB
    self.updateGenrePopularity(db_genre)
  File "packages/database.py", line 145, in updateGenrePopularity
    lists = {'albums': getAlbums() if albums is not None else None, 'artists': getArtists() if artists is not None else None }
  File "packages/database.py", line 94, in popularity
    artist = calcPop('artists')
  File "packages/database.py", line 90, in calcPop
    ret += self.popularitySingle(label,*(l[0:7]), lists = both['lists'][label])*float128(l[7]/totWeight)
  File "packages/database.py", line 75, in popularitySingle
    popularityMetric('kp',kups_playcount, zero=True)
  File "packages/database.py", line 35, in popularityMetric
    rvar = chi2(*chi2.fit(metrics))
  File "/usr/lib/python3/dist-packages/scipy/stats/distributions.py", line 1897, in fit
    vals = optimizer(func,x0,args=(ravel(data),),disp=0)
  File "/usr/lib/python3/dist-packages/scipy/optimize/optimize.py", line 373, in fmin
    res = _minimize_neldermead(func, x0, args, callback=callback, **opts)
  File "/usr/lib/python3/dist-packages/scipy/optimize/optimize.py", line 465, in _minimize_neldermead
    xr = (1 + rho) * xbar - rho * sim[-1]
KeyboardInterrupt
Traceback (most recent call last):
  File "downloader/everythingLookup.py", line 4, in <module>
    from lookup import *
  File "packages/lookup.py", line 5, in <module>
    from libzarv import *
  File "packages/libzarv.py", line 7, in <module>
    from numpy import float128
  File "/usr/local/lib/python3.4/dist-packages/numpy/__init__.py", line 180, in <module>
    from . import add_newdocs
  File "/usr/local/lib/python3.4/dist-packages/numpy/add_newdocs.py", line 13, in <module>
    from numpy.lib import add_newdoc
  File "/usr/local/lib/python3.4/dist-packages/numpy/lib/__init__.py", line 8, in <module>
    from .type_check import *
  File "/usr/local/lib/python3.4/dist-packages/numpy/lib/type_check.py", line 11, in <module>
    import numpy.core.numeric as _nx
  File "/usr/local/lib/python3.4/dist-packages/numpy/core/__init__.py", line 21, in <module>
    from . import umath
KeyboardInterrupt
Traceback (most recent call last):
  File "downloader/everythingLookup.py", line 1, in <module>
    import os,sys,whatapi,postgresql as pg, datetime, time, Levenshtein
  File "/home/jon/projects/zarvox/packages/whatapi-0.1.2/whatapi/__init__.py", line 2, in <module>
    from whatapi.whatapi import WhatAPI 
  File "/home/jon/projects/zarvox/packages/whatapi-0.1.2/whatapi/whatapi.py", line 5, in <module>
    import requests
  File "/usr/local/lib/python3.4/dist-packages/requests/__init__.py", line 58, in <module>
    from . import utils
  File "/usr/local/lib/python3.4/dist-packages/requests/utils.py", line 17, in <module>
    import platform
  File "/usr/lib/python3.4/platform.py", line 1213, in <module>
    ' on (.NET [\d\.]+)', re.ASCII)
  File "/usr/lib/python3.4/re.py", line 223, in compile
    return _compile(pattern, flags)
  File "/usr/lib/python3.4/re.py", line 294, in _compile
    p = sre_compile.compile(pattern, flags)
  File "/usr/lib/python3.4/sre_compile.py", line 568, in compile
    p = sre_parse.parse(p, flags)
  File "/usr/lib/python3.4/sre_parse.py", line 760, in parse
    p = _parse_sub(source, pattern, 0)
  File "/usr/lib/python3.4/sre_parse.py", line 370, in _parse_sub
    itemsappend(_parse(source, state))
  File "/usr/lib/python3.4/sre_parse.py", line 708, in _parse
    p = _parse_sub(source, state)
  File "/usr/lib/python3.4/sre_parse.py", line 370, in _parse_sub
    itemsappend(_parse(source, state))
  File "/usr/lib/python3.4/sre_parse.py", line 708, in _parse
    p = _parse_sub(source, state)
  File "/usr/lib/python3.4/sre_parse.py", line 370, in _parse_sub
    itemsappend(_parse(source, state))
  File "/usr/lib/python3.4/sre_parse.py", line 492, in _parse
    code1 = _class_escape(source, this)
  File "/usr/lib/python3.4/sre_parse.py", line 270, in _class_escape
    code = CATEGORIES.get(escape)
KeyboardInterrupt
Traceback (most recent call last):
  File "downloader/everythingLookup.py", line 1, in <module>
    import os,sys,whatapi,postgresql as pg, datetime, time, Levenshtein
  File "/home/jon/projects/zarvox/packages/whatapi-0.1.2/whatapi/__init__.py", line 2, in <module>
    from whatapi.whatapi import WhatAPI 
  File "/home/jon/projects/zarvox/packages/whatapi-0.1.2/whatapi/whatapi.py", line 5, in <module>
    import requests
  File "/usr/local/lib/python3.4/dist-packages/requests/__init__.py", line 58, in <module>
    from . import utils
  File "/usr/local/lib/python3.4/dist-packages/requests/utils.py", line 12, in <module>
    import cgi
  File "/usr/lib/python3.4/cgi.py", line 42, in <module>
    import html
  File "/usr/lib/python3.4/html/__init__.py", line 6, in <module>
    from html.entities import html5 as _html5
  File "<frozen importlib._bootstrap>", line 2237, in _find_and_load
  File "<frozen importlib._bootstrap>", line 2222, in _find_and_load_unlocked
  File "<frozen importlib._bootstrap>", line 2164, in _find_spec
  File "<frozen importlib._bootstrap>", line 1940, in find_spec
  File "<frozen importlib._bootstrap>", line 1914, in _get_spec
  File "<frozen importlib._bootstrap>", line 2050, in find_spec
  File "<frozen importlib._bootstrap>", line 518, in _verbose_message
KeyboardInterrupt
Traceback (most recent call last):
  File "downloader/everythingLookup.py", line 1, in <module>
    import os,sys,whatapi,postgresql as pg, datetime, time, Levenshtein
  File "/home/jon/projects/zarvox/packages/whatapi-0.1.2/whatapi/__init__.py", line 2, in <module>
    from whatapi.whatapi import WhatAPI 
  File "/home/jon/projects/zarvox/packages/whatapi-0.1.2/whatapi/whatapi.py", line 5, in <module>
    import requests
  File "/usr/local/lib/python3.4/dist-packages/requests/__init__.py", line 58, in <module>
    from . import utils
  File "/usr/local/lib/python3.4/dist-packages/requests/utils.py", line 12, in <module>
    import cgi
  File "/usr/lib/python3.4/cgi.py", line 42, in <module>
    import html
  File "/usr/lib/python3.4/html/__init__.py", line 6, in <module>
    from html.entities import html5 as _html5
  File "<frozen importlib._bootstrap>", line 2237, in _find_and_load
  File "<frozen importlib._bootstrap>", line 2222, in _find_and_load_unlocked
  File "<frozen importlib._bootstrap>", line 2164, in _find_spec
  File "<frozen importlib._bootstrap>", line 1940, in find_spec
  File "<frozen importlib._bootstrap>", line 1914, in _get_spec
  File "<frozen importlib._bootstrap>", line 2049, in find_spec
  File "<frozen importlib._bootstrap>", line 53, in _path_join
  File "<frozen importlib._bootstrap>", line 52, in <listcomp>
KeyboardInterrupt
Traceback (most recent call last):
  File "downloader/everythingLookup.py", line 212, in <module>
    main()
  File "downloader/everythingLookup.py", line 200, in main
    db = startup_tests(sys.argv,credentials)
  File "downloader/everythingLookup.py", line 25, in startup_tests
    db = pg.open('pq://'+credentials['db_user']+':'+credentials['db_password']+'@localhost/'+credentials['db_name'])
  File "/usr/local/lib/python3.4/dist-packages/postgresql/__init__.py", line 94, in open
    c.connect()
  File "/usr/local/lib/python3.4/dist-packages/postgresql/driver/pq3.py", line 2422, in connect
    self._establish()
  File "/usr/local/lib/python3.4/dist-packages/postgresql/driver/pq3.py", line 2490, in _establish
    pq.connect(ssl = ssl, timeout = timeout)
  File "/usr/local/lib/python3.4/dist-packages/postgresql/protocol/client3.py", line 184, in connect
    self.socket = self.socket_factory.secure(self.socket)
  File "/usr/local/lib/python3.4/dist-packages/postgresql/python/socket.py", line 56, in secure
    return ssl.wrap_socket(socket, **self.socket_secure)
  File "/usr/lib/python3.4/ssl.py", line 911, in wrap_socket
    ciphers=ciphers)
  File "/usr/lib/python3.4/ssl.py", line 601, in __init__
    self.do_handshake()
  File "/usr/lib/python3.4/ssl.py", line 828, in do_handshake
    self._sslobj.do_handshake()
KeyboardInterrupt
Traceback (most recent call last):
  File "downloader/everythingLookup.py", line 9, in <module>
    from database import databaseCon
  File "packages/database.py", line 11, in <module>
    from scipy.stats import norm, chi2
  File "/usr/lib/python3/dist-packages/scipy/stats/__init__.py", line 324, in <module>
    from .stats import *
  File "/usr/lib/python3/dist-packages/scipy/stats/stats.py", line 247, in <module>
    from . import distributions
  File "/usr/lib/python3/dist-packages/scipy/stats/distributions.py", line 2132, in <module>
    def _norm_ppf(q):
KeyboardInterrupt
Traceback (most recent call last):
  File "downloader/everythingLookup.py", line 215, in <module>
    main()
  File "downloader/everythingLookup.py", line 210, in main
    lookupAll(sys.argv[1],conf,fields)
  File "downloader/everythingLookup.py", line 131, in lookupAll
    lookupGenre(conf,fields)
  File "downloader/everythingLookup.py", line 146, in lookupGenre
    con.printRes(processInfo(x),fields)
  File "downloader/everythingLookup.py", line 91, in processInfo
    artists = [artistLookup(x, apihandle, True, con) for x in metadata['artists']]
  File "downloader/everythingLookup.py", line 91, in <listcomp>
    artists = [artistLookup(x, apihandle, True, con) for x in metadata['artists']]
  File "packages/lookup.py", line 225, in artistLookup
    spotify_id,spotify_token = getSpotifyArtistToken(artist,credentials['spotify_client_id'],credentials['spotify_client_secret'])
  File "packages/lookup.py", line 34, in getSpotifyArtistToken
    spotify_token=lookup('spotify','token',{},{'grant_type':'client_credentials'},{'Authorization':b'Basic '+encodebytes(bytes(('%s:%s' % (spotify_client_id,spotify_client_secret)),encoding='utf-8')).replace(b'\n', b'')})['access_token']
  File "packages/libzarv.py", line 282, in lookup
    with urlopen(Request(query,data,headers)) as response:
  File "/usr/lib/python3.4/urllib/request.py", line 161, in urlopen
    return opener.open(url, data, timeout)
  File "/usr/lib/python3.4/urllib/request.py", line 463, in open
    response = self._open(req, data)
  File "/usr/lib/python3.4/urllib/request.py", line 481, in _open
    '_open', req)
  File "/usr/lib/python3.4/urllib/request.py", line 441, in _call_chain
    result = func(*args)
  File "/usr/lib/python3.4/urllib/request.py", line 1225, in https_open
    context=self._context, check_hostname=self._check_hostname)
  File "/usr/lib/python3.4/urllib/request.py", line 1185, in do_open
    r = h.getresponse()
  File "/usr/lib/python3.4/http/client.py", line 1171, in getresponse
    response.begin()
  File "/usr/lib/python3.4/http/client.py", line 351, in begin
    version, status, reason = self._read_status()
  File "/usr/lib/python3.4/http/client.py", line 313, in _read_status
    line = str(self.fp.readline(_MAXLINE + 1), "iso-8859-1")
  File "/usr/lib/python3.4/socket.py", line 374, in readinto
    return self._sock.recv_into(b)
  File "/usr/lib/python3.4/ssl.py", line 769, in recv_into
    return self.read(nbytes, buffer)
  File "/usr/lib/python3.4/ssl.py", line 641, in read
    v = self._sslobj.read(len, buffer)
KeyboardInterrupt
Traceback (most recent call last):
  File "downloader/everythingLookup.py", line 215, in <module>
    main()
  File "downloader/everythingLookup.py", line 210, in main
    lookupAll(sys.argv[1],conf,fields)
  File "downloader/everythingLookup.py", line 131, in lookupAll
    lookupGenre(conf,fields)
  File "downloader/everythingLookup.py", line 146, in lookupGenre
    con.printRes(processInfo(x),fields)
  File "downloader/everythingLookup.py", line 108, in processInfo
    abgenres = con.getGenreDB( [x for x,_ in album.genres.items()], apihandle,'album_',True)
  File "packages/database.py", line 279, in getGenreDB
    what =apihandle.request("browse",searchstr="",taglist=parse.quote(genre,'.'),order_by='snatched')
  File "/home/jon/projects/zarvox/packages/whatapi-0.1.2/whatapi/whatapi.py", line 98, in request
    time.sleep(1.75+2*i)
KeyboardInterrupt
Error: cannot insert artist_genre into db
Error: cannot insert artist_genre into db
Error: cannot insert artist_genre into db
Traceback (most recent call last):
  File "downloader/everythingLookup.py", line 215, in <module>
    main()
  File "downloader/everythingLookup.py", line 210, in main
    lookupAll(sys.argv[1],conf,fields)
  File "downloader/everythingLookup.py", line 131, in lookupAll
    lookupGenre(conf,fields)
  File "downloader/everythingLookup.py", line 146, in lookupGenre
    con.printRes(processInfo(x),fields)
  File "downloader/everythingLookup.py", line 91, in processInfo
    artists = [artistLookup(x, apihandle, True, con) for x in metadata['artists']]
  File "downloader/everythingLookup.py", line 91, in <listcomp>
    artists = [artistLookup(x, apihandle, True, con) for x in metadata['artists']]
  File "packages/lookup.py", line 172, in artistLookup
    whatcd_artist = apihandle.request("artist", artistname=whatquote(artist))["response"]
  File "/home/jon/projects/zarvox/packages/whatapi-0.1.2/whatapi/whatapi.py", line 98, in request
    time.sleep(1.75+2*i)
KeyboardInterrupt
Traceback (most recent call last):
  File "downloader/everythingLookup.py", line 216, in <module>
    main()
  File "downloader/everythingLookup.py", line 211, in main
    lookupAll(sys.argv[1],conf,fields)
  File "downloader/everythingLookup.py", line 132, in lookupAll
    lookupGenre(conf,fields)
  File "downloader/everythingLookup.py", line 147, in lookupGenre
    con.printRes(processInfo(x),fields)
  File "downloader/everythingLookup.py", line 91, in processInfo
    artists = [artistLookup(x, apihandle, True, con) for x in metadata['artists']]
  File "downloader/everythingLookup.py", line 91, in <listcomp>
    artists = [artistLookup(x, apihandle, True, con) for x in metadata['artists']]
  File "packages/lookup.py", line 172, in artistLookup
    whatcd_artist = apihandle.request("artist", artistname=whatquote(artist))["response"]
  File "/home/jon/projects/zarvox/packages/whatapi-0.1.2/whatapi/whatapi.py", line 98, in request
    time.sleep(1.75+2*i)
KeyboardInterrupt
Traceback (most recent call last):
  File "downloader/everythingLookup.py", line 216, in <module>
    main()
  File "downloader/everythingLookup.py", line 211, in main
    lookupAll(sys.argv[1],conf,fields)
  File "downloader/everythingLookup.py", line 132, in lookupAll
    lookupGenre(conf,fields)
  File "downloader/everythingLookup.py", line 146, in lookupGenre
    for x in downloadGenreData(genre):
  File "downloader/everythingLookup.py", line 53, in downloadGenreData
    return processedGroups(whatPages[0:popularity])
  File "downloader/everythingLookup.py", line 59, in processedGroups
    processedGroup = processData(group)
  File "downloader/everythingLookup.py", line 85, in processData
    return getTorrentMetadata(whatGroup['response'])
  File "packages/libzarv.py", line 106, in getTorrentMetadata
    albums+=mb.search_releases(artistname=x,release=albumGroup['group']['name'],limit=3)['release-list']
  File "/usr/local/lib/python3.4/dist-packages/musicbrainzngs/musicbrainz.py", line 867, in search_releases
    return _do_mb_search('release', query, fields, limit, offset, strict)
  File "/usr/local/lib/python3.4/dist-packages/musicbrainzngs/musicbrainz.py", line 727, in _do_mb_search
    return _do_mb_query(entity, '', [], params)
  File "/usr/local/lib/python3.4/dist-packages/musicbrainzngs/musicbrainz.py", line 669, in _do_mb_query
    return _mb_request(path, 'GET', auth_required, args=args)
  File "/usr/local/lib/python3.4/dist-packages/musicbrainzngs/musicbrainz.py", line 374, in __call__
    return self.fun(*args, **kwargs)
  File "/usr/local/lib/python3.4/dist-packages/musicbrainzngs/musicbrainz.py", line 634, in _mb_request
    resp = _safe_read(opener, req, body)
  File "/usr/local/lib/python3.4/dist-packages/musicbrainzngs/musicbrainz.py", line 454, in _safe_read
    f = opener.open(req)
  File "/usr/lib/python3.4/urllib/request.py", line 463, in open
    response = self._open(req, data)
  File "/usr/lib/python3.4/urllib/request.py", line 481, in _open
    '_open', req)
  File "/usr/lib/python3.4/urllib/request.py", line 441, in _call_chain
    result = func(*args)
  File "/usr/lib/python3.4/urllib/request.py", line 1210, in http_open
    return self.do_open(http.client.HTTPConnection, req)
  File "/usr/lib/python3.4/urllib/request.py", line 1185, in do_open
    r = h.getresponse()
  File "/usr/lib/python3.4/http/client.py", line 1171, in getresponse
    response.begin()
  File "/usr/lib/python3.4/http/client.py", line 351, in begin
    version, status, reason = self._read_status()
  File "/usr/lib/python3.4/http/client.py", line 313, in _read_status
    line = str(self.fp.readline(_MAXLINE + 1), "iso-8859-1")
  File "/usr/lib/python3.4/socket.py", line 374, in readinto
    return self._sock.recv_into(b)
KeyboardInterrupt
